{"C:\\Users\\sa1ra\\Documents\\CivEvo\\assets\\core\\errors\\Core.ts": {"path":"C:\\Users\\sa1ra\\Documents\\CivEvo\\assets\\core\\errors\\Core.ts","statementMap":{"0":{"start":{"line":3,"column":4},"end":{"line":3,"column":null}},"1":{"start":{"line":1,"column":0},"end":{"line":1,"column":13}}},"fnMap":{"0":{"name":"(anonymous_0)","decl":{"start":{"line":2,"column":2},"end":{"line":2,"column":14}},"loc":{"start":{"line":2,"column":29},"end":{"line":4,"column":3}}}},"branchMap":{},"s":{"0":3,"1":3},"f":{"0":3},"b":{}}
,"C:\\Users\\sa1ra\\Documents\\CivEvo\\assets\\core\\system\\EventsChain.ts": {"path":"C:\\Users\\sa1ra\\Documents\\CivEvo\\assets\\core\\system\\EventsChain.ts","statementMap":{"0":{"start":{"line":1,"column":0},"end":{"line":1,"column":43}},"1":{"start":{"line":2,"column":0},"end":{"line":2,"column":51}},"2":{"start":{"line":13,"column":10},"end":{"line":13,"column":null}},"3":{"start":{"line":14,"column":10},"end":{"line":14,"column":null}},"4":{"start":{"line":15,"column":10},"end":{"line":15,"column":null}},"5":{"start":{"line":16,"column":10},"end":{"line":16,"column":null}},"6":{"start":{"line":19,"column":20},"end":{"line":19,"column":22}},"7":{"start":{"line":20,"column":21},"end":{"line":20,"column":69}},"8":{"start":{"line":21,"column":4},"end":{"line":27,"column":5}},"9":{"start":{"line":22,"column":6},"end":{"line":25,"column":7}},"10":{"start":{"line":23,"column":8},"end":{"line":23,"column":null}},"11":{"start":{"line":24,"column":8},"end":{"line":24,"column":16}},"12":{"start":{"line":26,"column":6},"end":{"line":26,"column":null}},"13":{"start":{"line":29,"column":4},"end":{"line":29,"column":null}},"14":{"start":{"line":33,"column":14},"end":{"line":33,"column":42}},"15":{"start":{"line":34,"column":4},"end":{"line":34,"column":null}},"16":{"start":{"line":34,"column":17},"end":{"line":34,"column":null}},"17":{"start":{"line":36,"column":4},"end":{"line":36,"column":null}},"18":{"start":{"line":37,"column":4},"end":{"line":37,"column":null}},"19":{"start":{"line":41,"column":4},"end":{"line":42,"column":null}},"20":{"start":{"line":42,"column":6},"end":{"line":42,"column":null}},"21":{"start":{"line":43,"column":4},"end":{"line":43,"column":null}},"22":{"start":{"line":44,"column":4},"end":{"line":44,"column":null}},"23":{"start":{"line":45,"column":4},"end":{"line":45,"column":null}},"24":{"start":{"line":49,"column":4},"end":{"line":50,"column":null}},"25":{"start":{"line":50,"column":6},"end":{"line":50,"column":null}},"26":{"start":{"line":51,"column":4},"end":{"line":52,"column":null}},"27":{"start":{"line":52,"column":6},"end":{"line":52,"column":null}},"28":{"start":{"line":53,"column":4},"end":{"line":53,"column":null}},"29":{"start":{"line":54,"column":4},"end":{"line":54,"column":null}},"30":{"start":{"line":58,"column":4},"end":{"line":58,"column":33}},"31":{"start":{"line":58,"column":27},"end":{"line":58,"column":33}},"32":{"start":{"line":59,"column":4},"end":{"line":65,"column":5}},"33":{"start":{"line":60,"column":6},"end":{"line":60,"column":null}},"34":{"start":{"line":61,"column":6},"end":{"line":61,"column":null}},"35":{"start":{"line":62,"column":6},"end":{"line":62,"column":null}},"36":{"start":{"line":62,"column":52},"end":{"line":62,"column":null}},"37":{"start":{"line":64,"column":6},"end":{"line":64,"column":null}},"38":{"start":{"line":68,"column":4},"end":{"line":68,"column":null}},"39":{"start":{"line":72,"column":4},"end":{"line":73,"column":12}},"40":{"start":{"line":73,"column":6},"end":{"line":73,"column":12}},"41":{"start":{"line":75,"column":31},"end":{"line":75,"column":83}},"42":{"start":{"line":76,"column":4},"end":{"line":77,"column":null}},"43":{"start":{"line":77,"column":6},"end":{"line":77,"column":null}},"44":{"start":{"line":79,"column":4},"end":{"line":79,"column":null}},"45":{"start":{"line":80,"column":4},"end":{"line":80,"column":null}},"46":{"start":{"line":81,"column":4},"end":{"line":81,"column":null}},"47":{"start":{"line":86,"column":18},"end":{"line":86,"column":19}},"48":{"start":{"line":87,"column":4},"end":{"line":89,"column":null}},"49":{"start":{"line":88,"column":6},"end":{"line":88,"column":null}},"50":{"start":{"line":88,"column":27},"end":{"line":88,"column":null}},"51":{"start":{"line":90,"column":4},"end":{"line":90,"column":null}},"52":{"start":{"line":94,"column":4},"end":{"line":95,"column":null}},"53":{"start":{"line":95,"column":6},"end":{"line":95,"column":null}},"54":{"start":{"line":97,"column":39},"end":{"line":97,"column":104}},"55":{"start":{"line":98,"column":4},"end":{"line":98,"column":null}},"56":{"start":{"line":100,"column":4},"end":{"line":100,"column":null}},"57":{"start":{"line":12,"column":0},"end":{"line":12,"column":13}}},"fnMap":{"0":{"name":"(anonymous_0)","decl":{"start":{"line":12,"column":0},"end":{"line":12,"column":13}},"loc":{"start":{"line":12,"column":0},"end":{"line":102,"column":1}}},"1":{"name":"(anonymous_1)","decl":{"start":{"line":18,"column":9},"end":{"line":18,"column":16}},"loc":{"start":{"line":18,"column":34},"end":{"line":30,"column":3}}},"2":{"name":"(anonymous_2)","decl":{"start":{"line":32,"column":9},"end":{"line":32,"column":12}},"loc":{"start":{"line":32,"column":25},"end":{"line":38,"column":3}}},"3":{"name":"(anonymous_3)","decl":{"start":{"line":40,"column":9},"end":{"line":40,"column":15}},"loc":{"start":{"line":40,"column":28},"end":{"line":46,"column":3}}},"4":{"name":"(anonymous_4)","decl":{"start":{"line":48,"column":10},"end":{"line":48,"column":26}},"loc":{"start":{"line":48,"column":39},"end":{"line":55,"column":3}}},"5":{"name":"(anonymous_5)","decl":{"start":{"line":57,"column":10},"end":{"line":57,"column":21}},"loc":{"start":{"line":57,"column":34},"end":{"line":69,"column":3}}},"6":{"name":"(anonymous_6)","decl":{"start":{"line":71,"column":10},"end":{"line":71,"column":28}},"loc":{"start":{"line":71,"column":41},"end":{"line":83,"column":3}}},"7":{"name":"(anonymous_7)","decl":{"start":{"line":85,"column":10},"end":{"line":85,"column":32}},"loc":{"start":{"line":85,"column":32},"end":{"line":91,"column":3}}},"8":{"name":"(anonymous_8)","decl":{"start":{"line":87,"column":38},"end":{"line":87,"column":39}},"loc":{"start":{"line":87,"column":48},"end":{"line":89,"column":5}}},"9":{"name":"(anonymous_9)","decl":{"start":{"line":93,"column":10},"end":{"line":93,"column":25}},"loc":{"start":{"line":93,"column":38},"end":{"line":101,"column":3}}}},"branchMap":{"0":{"loc":{"start":{"line":22,"column":6},"end":{"line":25,"column":7}},"type":"if","locations":[{"start":{"line":22,"column":6},"end":{"line":25,"column":7}}]},"1":{"loc":{"start":{"line":22,"column":10},"end":{"line":22,"column":63}},"type":"binary-expr","locations":[{"start":{"line":22,"column":10},"end":{"line":22,"column":32}},{"start":{"line":22,"column":36},"end":{"line":22,"column":63}}]},"2":{"loc":{"start":{"line":34,"column":4},"end":{"line":34,"column":null}},"type":"if","locations":[{"start":{"line":34,"column":4},"end":{"line":34,"column":null}}]},"3":{"loc":{"start":{"line":41,"column":4},"end":{"line":42,"column":null}},"type":"if","locations":[{"start":{"line":41,"column":4},"end":{"line":42,"column":null}}]},"4":{"loc":{"start":{"line":41,"column":8},"end":{"line":41,"column":48}},"type":"binary-expr","locations":[{"start":{"line":41,"column":8},"end":{"line":41,"column":21}},{"start":{"line":41,"column":25},"end":{"line":41,"column":48}}]},"5":{"loc":{"start":{"line":49,"column":4},"end":{"line":50,"column":null}},"type":"if","locations":[{"start":{"line":49,"column":4},"end":{"line":50,"column":null}}]},"6":{"loc":{"start":{"line":51,"column":4},"end":{"line":52,"column":null}},"type":"if","locations":[{"start":{"line":51,"column":4},"end":{"line":52,"column":null}}]},"7":{"loc":{"start":{"line":58,"column":4},"end":{"line":58,"column":33}},"type":"if","locations":[{"start":{"line":58,"column":4},"end":{"line":58,"column":33}}]},"8":{"loc":{"start":{"line":59,"column":4},"end":{"line":65,"column":5}},"type":"if","locations":[{"start":{"line":59,"column":4},"end":{"line":65,"column":5}},{"start":{"line":63,"column":11},"end":{"line":65,"column":5}}]},"9":{"loc":{"start":{"line":62,"column":6},"end":{"line":62,"column":null}},"type":"if","locations":[{"start":{"line":62,"column":6},"end":{"line":62,"column":null}}]},"10":{"loc":{"start":{"line":72,"column":4},"end":{"line":73,"column":12}},"type":"if","locations":[{"start":{"line":72,"column":4},"end":{"line":73,"column":12}}]},"11":{"loc":{"start":{"line":72,"column":8},"end":{"line":72,"column":77}},"type":"binary-expr","locations":[{"start":{"line":72,"column":8},"end":{"line":72,"column":25}},{"start":{"line":72,"column":29},"end":{"line":72,"column":77}}]},"12":{"loc":{"start":{"line":76,"column":4},"end":{"line":77,"column":null}},"type":"if","locations":[{"start":{"line":76,"column":4},"end":{"line":77,"column":null}}]},"13":{"loc":{"start":{"line":88,"column":6},"end":{"line":88,"column":null}},"type":"if","locations":[{"start":{"line":88,"column":6},"end":{"line":88,"column":null}}]},"14":{"loc":{"start":{"line":94,"column":4},"end":{"line":95,"column":null}},"type":"if","locations":[{"start":{"line":94,"column":4},"end":{"line":95,"column":null}}]}},"s":{"0":2,"1":2,"2":19,"3":19,"4":19,"5":19,"6":4,"7":4,"8":4,"9":6,"10":6,"11":6,"12":0,"13":4,"14":29,"15":29,"16":1,"17":28,"18":28,"19":1,"20":1,"21":0,"22":0,"23":0,"24":29,"25":28,"26":29,"27":1,"28":28,"29":28,"30":28,"31":28,"32":0,"33":0,"34":0,"35":0,"36":0,"37":0,"38":0,"39":0,"40":0,"41":0,"42":0,"43":0,"44":0,"45":0,"46":0,"47":0,"48":0,"49":0,"50":0,"51":0,"52":28,"53":0,"54":28,"55":28,"56":28,"57":2},"f":{"0":19,"1":4,"2":29,"3":1,"4":29,"5":28,"6":0,"7":0,"8":0,"9":28},"b":{"0":[6],"1":[6,6],"2":[1],"3":[1],"4":[1,0],"5":[28],"6":[1],"7":[28],"8":[0,0],"9":[0],"10":[0],"11":[0,0],"12":[0],"13":[0],"14":[0]}}
,"C:\\Users\\sa1ra\\Documents\\CivEvo\\assets\\core\\system\\History.ts": {"path":"C:\\Users\\sa1ra\\Documents\\CivEvo\\assets\\core\\system\\History.ts","statementMap":{"0":{"start":{"line":7,"column":0},"end":{"line":7,"column":50}},"1":{"start":{"line":12,"column":22},"end":{"line":12,"column":39}},"2":{"start":{"line":12,"column":49},"end":{"line":12,"column":75}},"3":{"start":{"line":10,"column":10},"end":{"line":10,"column":null}},"4":{"start":{"line":11,"column":10},"end":{"line":11,"column":null}},"5":{"start":{"line":16,"column":4},"end":{"line":16,"column":null}},"6":{"start":{"line":20,"column":4},"end":{"line":20,"column":null}},"7":{"start":{"line":20,"column":27},"end":{"line":20,"column":null}},"8":{"start":{"line":21,"column":4},"end":{"line":21,"column":null}},"9":{"start":{"line":25,"column":4},"end":{"line":25,"column":null}},"10":{"start":{"line":25,"column":33},"end":{"line":25,"column":null}},"11":{"start":{"line":27,"column":15},"end":{"line":27,"column":50}},"12":{"start":{"line":28,"column":4},"end":{"line":28,"column":null}},"13":{"start":{"line":28,"column":43},"end":{"line":28,"column":null}},"14":{"start":{"line":30,"column":4},"end":{"line":30,"column":null}},"15":{"start":{"line":34,"column":17},"end":{"line":34,"column":33}},"16":{"start":{"line":35,"column":4},"end":{"line":39,"column":5}},"17":{"start":{"line":36,"column":6},"end":{"line":36,"column":null}},"18":{"start":{"line":37,"column":6},"end":{"line":37,"column":null}},"19":{"start":{"line":38,"column":6},"end":{"line":38,"column":null}},"20":{"start":{"line":38,"column":53},"end":{"line":38,"column":null}},"21":{"start":{"line":41,"column":4},"end":{"line":41,"column":null}},"22":{"start":{"line":46,"column":18},"end":{"line":46,"column":20}},"23":{"start":{"line":47,"column":4},"end":{"line":49,"column":5}},"24":{"start":{"line":48,"column":6},"end":{"line":48,"column":null}},"25":{"start":{"line":48,"column":38},"end":{"line":48,"column":null}},"26":{"start":{"line":51,"column":4},"end":{"line":51,"column":null}},"27":{"start":{"line":55,"column":18},"end":{"line":55,"column":20}},"28":{"start":{"line":56,"column":4},"end":{"line":57,"column":null}},"29":{"start":{"line":56,"column":17},"end":{"line":56,"column":35}},"30":{"start":{"line":56,"column":46},"end":{"line":56,"column":47}},"31":{"start":{"line":57,"column":6},"end":{"line":57,"column":null}},"32":{"start":{"line":59,"column":4},"end":{"line":59,"column":null}},"33":{"start":{"line":63,"column":4},"end":{"line":64,"column":null}},"34":{"start":{"line":64,"column":6},"end":{"line":64,"column":null}},"35":{"start":{"line":65,"column":4},"end":{"line":65,"column":null}},"36":{"start":{"line":69,"column":4},"end":{"line":72,"column":null}},"37":{"start":{"line":73,"column":4},"end":{"line":73,"column":null}},"38":{"start":{"line":9,"column":0},"end":{"line":9,"column":13}}},"fnMap":{"0":{"name":"(anonymous_0)","decl":{"start":{"line":12,"column":2},"end":{"line":12,"column":22}},"loc":{"start":{"line":12,"column":75},"end":{"line":13,"column":3}}},"1":{"name":"(anonymous_1)","decl":{"start":{"line":15,"column":2},"end":{"line":15,"column":6}},"loc":{"start":{"line":15,"column":11},"end":{"line":17,"column":3}}},"2":{"name":"(anonymous_2)","decl":{"start":{"line":19,"column":2},"end":{"line":19,"column":6}},"loc":{"start":{"line":19,"column":19},"end":{"line":22,"column":3}}},"3":{"name":"(anonymous_3)","decl":{"start":{"line":24,"column":2},"end":{"line":24,"column":6}},"loc":{"start":{"line":24,"column":17},"end":{"line":31,"column":3}}},"4":{"name":"(anonymous_4)","decl":{"start":{"line":33,"column":9},"end":{"line":33,"column":14}},"loc":{"start":{"line":33,"column":42},"end":{"line":42,"column":3}}},"5":{"name":"(anonymous_5)","decl":{"start":{"line":45,"column":9},"end":{"line":45,"column":15}},"loc":{"start":{"line":45,"column":40},"end":{"line":52,"column":3}}},"6":{"name":"(anonymous_6)","decl":{"start":{"line":54,"column":9},"end":{"line":54,"column":16}},"loc":{"start":{"line":54,"column":30},"end":{"line":60,"column":3}}},"7":{"name":"(anonymous_7)","decl":{"start":{"line":62,"column":9},"end":{"line":62,"column":13}},"loc":{"start":{"line":62,"column":13},"end":{"line":66,"column":3}}},"8":{"name":"(anonymous_8)","decl":{"start":{"line":68,"column":10},"end":{"line":68,"column":21}},"loc":{"start":{"line":68,"column":21},"end":{"line":74,"column":3}}}},"branchMap":{"0":{"loc":{"start":{"line":20,"column":4},"end":{"line":20,"column":null}},"type":"if","locations":[{"start":{"line":20,"column":4},"end":{"line":20,"column":null}}]},"1":{"loc":{"start":{"line":25,"column":4},"end":{"line":25,"column":null}},"type":"if","locations":[{"start":{"line":25,"column":4},"end":{"line":25,"column":null}}]},"2":{"loc":{"start":{"line":28,"column":4},"end":{"line":28,"column":null}},"type":"if","locations":[{"start":{"line":28,"column":4},"end":{"line":28,"column":null}}]},"3":{"loc":{"start":{"line":38,"column":6},"end":{"line":38,"column":null}},"type":"if","locations":[{"start":{"line":38,"column":6},"end":{"line":38,"column":null}}]},"4":{"loc":{"start":{"line":38,"column":10},"end":{"line":38,"column":51}},"type":"binary-expr","locations":[{"start":{"line":38,"column":10},"end":{"line":38,"column":30}},{"start":{"line":38,"column":34},"end":{"line":38,"column":51}}]},"5":{"loc":{"start":{"line":48,"column":6},"end":{"line":48,"column":null}},"type":"if","locations":[{"start":{"line":48,"column":6},"end":{"line":48,"column":null}}]},"6":{"loc":{"start":{"line":48,"column":10},"end":{"line":48,"column":36}},"type":"binary-expr","locations":[{"start":{"line":48,"column":10},"end":{"line":48,"column":22}},{"start":{"line":48,"column":26},"end":{"line":48,"column":36}}]},"7":{"loc":{"start":{"line":63,"column":4},"end":{"line":64,"column":null}},"type":"if","locations":[{"start":{"line":63,"column":4},"end":{"line":64,"column":null}}]},"8":{"loc":{"start":{"line":70,"column":14},"end":{"line":70,"column":79}},"type":"cond-expr","locations":[{"start":{"line":70,"column":36},"end":{"line":70,"column":58}},{"start":{"line":70,"column":61},"end":{"line":70,"column":79}}]}},"s":{"0":2,"1":16,"2":16,"3":16,"4":16,"5":0,"6":4,"7":0,"8":4,"9":0,"10":0,"11":0,"12":0,"13":0,"14":0,"15":0,"16":0,"17":0,"18":0,"19":0,"20":0,"21":0,"22":0,"23":0,"24":0,"25":0,"26":0,"27":0,"28":0,"29":0,"30":0,"31":0,"32":0,"33":2,"34":0,"35":2,"36":0,"37":0,"38":2},"f":{"0":16,"1":0,"2":4,"3":0,"4":0,"5":0,"6":0,"7":2,"8":0},"b":{"0":[0],"1":[0],"2":[0],"3":[0],"4":[0,0],"5":[0],"6":[0,0],"7":[0],"8":[0,0]}}
,"C:\\Users\\sa1ra\\Documents\\CivEvo\\assets\\core\\system\\State.ts": {"path":"C:\\Users\\sa1ra\\Documents\\CivEvo\\assets\\core\\system\\State.ts","statementMap":{"0":{"start":{"line":5,"column":0},"end":{"line":5,"column":42}},"1":{"start":{"line":8,"column":10},"end":{"line":8,"column":null}},"2":{"start":{"line":11,"column":4},"end":{"line":13,"column":5}},"3":{"start":{"line":12,"column":6},"end":{"line":12,"column":null}},"4":{"start":{"line":17,"column":4},"end":{"line":26,"column":5}},"5":{"start":{"line":18,"column":6},"end":{"line":18,"column":null}},"6":{"start":{"line":18,"column":41},"end":{"line":18,"column":null}},"7":{"start":{"line":19,"column":18},"end":{"line":19,"column":46}},"8":{"start":{"line":21,"column":6},"end":{"line":21,"column":79}},"9":{"start":{"line":21,"column":71},"end":{"line":21,"column":79}},"10":{"start":{"line":22,"column":20},"end":{"line":22,"column":46}},"11":{"start":{"line":24,"column":28},"end":{"line":24,"column":46}},"12":{"start":{"line":25,"column":6},"end":{"line":25,"column":null}},"13":{"start":{"line":25,"column":31},"end":{"line":25,"column":null}},"14":{"start":{"line":30,"column":4},"end":{"line":30,"column":null}},"15":{"start":{"line":7,"column":0},"end":{"line":7,"column":13}}},"fnMap":{"0":{"name":"(anonymous_0)","decl":{"start":{"line":7,"column":0},"end":{"line":7,"column":13}},"loc":{"start":{"line":7,"column":0},"end":{"line":32,"column":1}}},"1":{"name":"(anonymous_1)","decl":{"start":{"line":10,"column":9},"end":{"line":10,"column":12}},"loc":{"start":{"line":10,"column":27},"end":{"line":14,"column":3}}},"2":{"name":"(anonymous_2)","decl":{"start":{"line":16,"column":9},"end":{"line":16,"column":13}},"loc":{"start":{"line":16,"column":48},"end":{"line":27,"column":3}}},"3":{"name":"(anonymous_3)","decl":{"start":{"line":29,"column":9},"end":{"line":29,"column":13}},"loc":{"start":{"line":29,"column":27},"end":{"line":31,"column":3}}}},"branchMap":{"0":{"loc":{"start":{"line":18,"column":6},"end":{"line":18,"column":null}},"type":"if","locations":[{"start":{"line":18,"column":6},"end":{"line":18,"column":null}}]},"1":{"loc":{"start":{"line":21,"column":6},"end":{"line":21,"column":79}},"type":"if","locations":[{"start":{"line":21,"column":6},"end":{"line":21,"column":79}}]},"2":{"loc":{"start":{"line":25,"column":6},"end":{"line":25,"column":null}},"type":"if","locations":[{"start":{"line":25,"column":6},"end":{"line":25,"column":null}}]}},"s":{"0":2,"1":8,"2":0,"3":0,"4":0,"5":0,"6":0,"7":0,"8":0,"9":0,"10":0,"11":0,"12":0,"13":0,"14":0,"15":2},"f":{"0":8,"1":0,"2":0,"3":0},"b":{"0":[0],"1":[0],"2":[0]}}
,"C:\\Users\\sa1ra\\Documents\\CivEvo\\assets\\core\\template\\Module.ts": {"path":"C:\\Users\\sa1ra\\Documents\\CivEvo\\assets\\core\\template\\Module.ts","statementMap":{"0":{"start":{"line":3,"column":0},"end":{"line":3,"column":40}},"1":{"start":{"line":4,"column":0},"end":{"line":4,"column":43}},"2":{"start":{"line":5,"column":0},"end":{"line":5,"column":41}},"3":{"start":{"line":6,"column":0},"end":{"line":6,"column":44}},"4":{"start":{"line":7,"column":0},"end":{"line":7,"column":52}},"5":{"start":{"line":12,"column":10},"end":{"line":12,"column":null}},"6":{"start":{"line":13,"column":10},"end":{"line":13,"column":null}},"7":{"start":{"line":15,"column":21},"end":{"line":15,"column":null}},"8":{"start":{"line":16,"column":12},"end":{"line":16,"column":null}},"9":{"start":{"line":19,"column":4},"end":{"line":19,"column":null}},"10":{"start":{"line":23,"column":4},"end":{"line":23,"column":null}},"11":{"start":{"line":27,"column":4},"end":{"line":27,"column":null}},"12":{"start":{"line":31,"column":4},"end":{"line":31,"column":null}},"13":{"start":{"line":31,"column":51},"end":{"line":31,"column":null}},"14":{"start":{"line":33,"column":4},"end":{"line":33,"column":null}},"15":{"start":{"line":37,"column":4},"end":{"line":37,"column":null}},"16":{"start":{"line":41,"column":4},"end":{"line":41,"column":null}},"17":{"start":{"line":45,"column":25},"end":{"line":45,"column":84}},"18":{"start":{"line":46,"column":4},"end":{"line":47,"column":null}},"19":{"start":{"line":47,"column":6},"end":{"line":47,"column":null}},"20":{"start":{"line":49,"column":18},"end":{"line":49,"column":35}},"21":{"start":{"line":50,"column":4},"end":{"line":50,"column":null}},"22":{"start":{"line":51,"column":4},"end":{"line":51,"column":null}},"23":{"start":{"line":9,"column":0},"end":{"line":9,"column":22}}},"fnMap":{"0":{"name":"(anonymous_0)","decl":{"start":{"line":9,"column":0},"end":{"line":9,"column":22}},"loc":{"start":{"line":9,"column":0},"end":{"line":53,"column":1}}},"1":{"name":"(anonymous_1)","decl":{"start":{"line":18,"column":2},"end":{"line":18,"column":6}},"loc":{"start":{"line":18,"column":10},"end":{"line":20,"column":3}}},"2":{"name":"(anonymous_2)","decl":{"start":{"line":22,"column":2},"end":{"line":22,"column":6}},"loc":{"start":{"line":22,"column":13},"end":{"line":24,"column":3}}},"3":{"name":"(anonymous_3)","decl":{"start":{"line":26,"column":2},"end":{"line":26,"column":6}},"loc":{"start":{"line":26,"column":11},"end":{"line":28,"column":3}}},"4":{"name":"(anonymous_4)","decl":{"start":{"line":30,"column":2},"end":{"line":30,"column":8}},"loc":{"start":{"line":30,"column":22},"end":{"line":34,"column":3}}},"5":{"name":"(anonymous_5)","decl":{"start":{"line":36,"column":2},"end":{"line":36,"column":8}},"loc":{"start":{"line":36,"column":8},"end":{"line":38,"column":3}}},"6":{"name":"(anonymous_6)","decl":{"start":{"line":40,"column":2},"end":{"line":40,"column":8}},"loc":{"start":{"line":40,"column":8},"end":{"line":42,"column":3}}},"7":{"name":"(anonymous_7)","decl":{"start":{"line":44,"column":12},"end":{"line":44,"column":14}},"loc":{"start":{"line":44,"column":57},"end":{"line":52,"column":3}}}},"branchMap":{"0":{"loc":{"start":{"line":31,"column":4},"end":{"line":31,"column":null}},"type":"if","locations":[{"start":{"line":31,"column":4},"end":{"line":31,"column":null}}]},"1":{"loc":{"start":{"line":31,"column":8},"end":{"line":31,"column":49}},"type":"binary-expr","locations":[{"start":{"line":31,"column":8},"end":{"line":31,"column":21}},{"start":{"line":31,"column":25},"end":{"line":31,"column":49}}]},"2":{"loc":{"start":{"line":46,"column":4},"end":{"line":47,"column":null}},"type":"if","locations":[{"start":{"line":46,"column":4},"end":{"line":47,"column":null}}]}},"s":{"0":1,"1":1,"2":1,"3":1,"4":1,"5":8,"6":8,"7":8,"8":8,"9":0,"10":2,"11":0,"12":3,"13":1,"14":2,"15":0,"16":0,"17":24,"18":24,"19":8,"20":16,"21":16,"22":16,"23":1},"f":{"0":8,"1":0,"2":2,"3":0,"4":3,"5":0,"6":0,"7":24},"b":{"0":[1],"1":[3,3],"2":[8]}}
,"C:\\Users\\sa1ra\\Documents\\CivEvo\\assets\\core\\template\\Result.ts": {"path":"C:\\Users\\sa1ra\\Documents\\CivEvo\\assets\\core\\template\\Result.ts","statementMap":{"0":{"start":{"line":4,"column":22},"end":{"line":4,"column":37}},"1":{"start":{"line":4,"column":51},"end":{"line":4,"column":69}},"2":{"start":{"line":6,"column":4},"end":{"line":6,"column":null}},"3":{"start":{"line":10,"column":4},"end":{"line":10,"column":null}},"4":{"start":{"line":3,"column":0},"end":{"line":3,"column":13}}},"fnMap":{"0":{"name":"(anonymous_0)","decl":{"start":{"line":4,"column":2},"end":{"line":4,"column":22}},"loc":{"start":{"line":4,"column":69},"end":{"line":4,"column":74}}},"1":{"name":"(anonymous_1)","decl":{"start":{"line":5,"column":2},"end":{"line":5,"column":6}},"loc":{"start":{"line":5,"column":8},"end":{"line":7,"column":3}}},"2":{"name":"(anonymous_2)","decl":{"start":{"line":9,"column":2},"end":{"line":9,"column":6}},"loc":{"start":{"line":9,"column":11},"end":{"line":11,"column":3}}}},"branchMap":{"0":{"loc":{"start":{"line":4,"column":22},"end":{"line":4,"column":41}},"type":"default-arg","locations":[{"start":{"line":4,"column":37},"end":{"line":4,"column":41}}]}},"s":{"0":62,"1":62,"2":31,"3":3,"4":3},"f":{"0":62,"1":31,"2":3},"b":{"0":[59]}}
}
