TN:
SF:assets\core\errors\Core.ts
FN:2,(anonymous_0)
FNF:1
FNH:1
FNDA:3,(anonymous_0)
DA:1,3
DA:3,3
LF:2
LH:2
BRF:0
BRH:0
end_of_record
TN:
SF:assets\core\system\EventsChain.ts
FN:12,(anonymous_0)
FN:18,(anonymous_1)
FN:32,(anonymous_2)
FN:40,(anonymous_3)
FN:48,(anonymous_4)
FN:57,(anonymous_5)
FN:71,(anonymous_6)
FN:85,(anonymous_7)
FN:87,(anonymous_8)
FN:93,(anonymous_9)
FNF:10
FNH:7
FNDA:19,(anonymous_0)
FNDA:4,(anonymous_1)
FNDA:29,(anonymous_2)
FNDA:1,(anonymous_3)
FNDA:29,(anonymous_4)
FNDA:28,(anonymous_5)
FNDA:0,(anonymous_6)
FNDA:0,(anonymous_7)
FNDA:0,(anonymous_8)
FNDA:28,(anonymous_9)
DA:1,2
DA:2,2
DA:12,2
DA:13,19
DA:14,19
DA:15,19
DA:16,19
DA:19,4
DA:20,4
DA:21,4
DA:22,6
DA:23,6
DA:24,6
DA:26,0
DA:29,4
DA:33,29
DA:34,29
DA:36,28
DA:37,28
DA:41,1
DA:42,1
DA:43,0
DA:44,0
DA:45,0
DA:49,29
DA:50,28
DA:51,29
DA:52,1
DA:53,28
DA:54,28
DA:58,28
DA:59,0
DA:60,0
DA:61,0
DA:62,0
DA:64,0
DA:68,0
DA:72,0
DA:73,0
DA:75,0
DA:76,0
DA:77,0
DA:79,0
DA:80,0
DA:81,0
DA:86,0
DA:87,0
DA:88,0
DA:90,0
DA:94,28
DA:95,0
DA:97,28
DA:98,28
DA:100,28
LF:54
LH:31
BRDA:22,0,0,6
BRDA:22,1,0,6
BRDA:22,1,1,6
BRDA:34,2,0,1
BRDA:41,3,0,1
BRDA:41,4,0,1
BRDA:41,4,1,0
BRDA:49,5,0,28
BRDA:51,6,0,1
BRDA:58,7,0,28
BRDA:59,8,0,0
BRDA:59,8,1,0
BRDA:62,9,0,0
BRDA:72,10,0,0
BRDA:72,11,0,0
BRDA:72,11,1,0
BRDA:76,12,0,0
BRDA:88,13,0,0
BRDA:94,14,0,0
BRF:19
BRH:9
end_of_record
TN:
SF:assets\core\system\History.ts
FN:12,(anonymous_0)
FN:15,(anonymous_1)
FN:19,(anonymous_2)
FN:24,(anonymous_3)
FN:33,(anonymous_4)
FN:45,(anonymous_5)
FN:54,(anonymous_6)
FN:62,(anonymous_7)
FN:68,(anonymous_8)
FNF:9
FNH:3
FNDA:16,(anonymous_0)
FNDA:0,(anonymous_1)
FNDA:4,(anonymous_2)
FNDA:0,(anonymous_3)
FNDA:0,(anonymous_4)
FNDA:0,(anonymous_5)
FNDA:0,(anonymous_6)
FNDA:2,(anonymous_7)
FNDA:0,(anonymous_8)
DA:7,2
DA:9,2
DA:10,16
DA:11,16
DA:12,16
DA:16,0
DA:20,4
DA:21,4
DA:25,0
DA:27,0
DA:28,0
DA:30,0
DA:34,0
DA:35,0
DA:36,0
DA:37,0
DA:38,0
DA:41,0
DA:46,0
DA:47,0
DA:48,0
DA:51,0
DA:55,0
DA:56,0
DA:57,0
DA:59,0
DA:63,2
DA:64,0
DA:65,2
DA:69,0
DA:73,0
LF:31
LH:9
BRDA:20,0,0,0
BRDA:25,1,0,0
BRDA:28,2,0,0
BRDA:38,3,0,0
BRDA:38,4,0,0
BRDA:38,4,1,0
BRDA:48,5,0,0
BRDA:48,6,0,0
BRDA:48,6,1,0
BRDA:63,7,0,0
BRDA:70,8,0,0
BRDA:70,8,1,0
BRF:12
BRH:0
end_of_record
TN:
SF:assets\core\system\State.ts
FN:7,(anonymous_0)
FN:10,(anonymous_1)
FN:16,(anonymous_2)
FN:29,(anonymous_3)
FNF:4
FNH:1
FNDA:8,(anonymous_0)
FNDA:0,(anonymous_1)
FNDA:0,(anonymous_2)
FNDA:0,(anonymous_3)
DA:5,2
DA:7,2
DA:8,8
DA:11,0
DA:12,0
DA:17,0
DA:18,0
DA:19,0
DA:21,0
DA:22,0
DA:24,0
DA:25,0
DA:30,0
LF:13
LH:3
BRDA:18,0,0,0
BRDA:21,1,0,0
BRDA:25,2,0,0
BRF:3
BRH:0
end_of_record
TN:
SF:assets\core\template\Module.ts
FN:9,(anonymous_0)
FN:18,(anonymous_1)
FN:22,(anonymous_2)
FN:26,(anonymous_3)
FN:30,(anonymous_4)
FN:36,(anonymous_5)
FN:40,(anonymous_6)
FN:44,(anonymous_7)
FNF:8
FNH:4
FNDA:8,(anonymous_0)
FNDA:0,(anonymous_1)
FNDA:2,(anonymous_2)
FNDA:0,(anonymous_3)
FNDA:3,(anonymous_4)
FNDA:0,(anonymous_5)
FNDA:0,(anonymous_6)
FNDA:24,(anonymous_7)
DA:3,1
DA:4,1
DA:5,1
DA:6,1
DA:7,1
DA:9,1
DA:12,8
DA:13,8
DA:15,8
DA:16,8
DA:19,0
DA:23,2
DA:27,0
DA:31,3
DA:33,2
DA:37,0
DA:41,0
DA:45,24
DA:46,24
DA:47,8
DA:49,16
DA:50,16
DA:51,16
LF:23
LH:19
BRDA:31,0,0,1
BRDA:31,1,0,3
BRDA:31,1,1,3
BRDA:46,2,0,8
BRF:4
BRH:4
end_of_record
TN:
SF:assets\core\template\Result.ts
FN:4,(anonymous_0)
FN:5,(anonymous_1)
FN:9,(anonymous_2)
FNF:3
FNH:3
FNDA:62,(anonymous_0)
FNDA:31,(anonymous_1)
FNDA:3,(anonymous_2)
DA:3,3
DA:4,62
DA:6,31
DA:10,3
LF:4
LH:4
BRDA:4,0,0,59
BRF:1
BRH:1
end_of_record
